<?xml version="1.0" encoding="UTF-8"?>
<!-- Generated by org.testng.reporters.JUnitXMLReporter -->
<testsuite hostname="KARTHIK" name="Test" tests="4" failures="0" timestamp="29 Apr 2020 15:15:02 GMT" time="140.917" errors="0">
  <testcase name="verifylandingpage" time="2.027" classname="test.cmslandtestandlinkverify"/>
  <testcase name="verifymedialink" time="3.533" classname="test.cmslandtestandlinkverify"/>
  <testcase name="verifypostlink" time="2.859" classname="test.cmslandtestandlinkverify"/>
  <testcase name="verifyuserslink" time="2.24" classname="test.cmslandtestandlinkverify"/>
</testsuite> <!-- Test -->
