<?xml version="1.0" encoding="UTF-8"?>
<testng-results skipped="0" failed="0" total="1" passed="1">
  <reporter-output>
  </reporter-output>
  <suite name="Default suite" duration-ms="77301" started-at="2020-05-01T12:23:58Z" finished-at="2020-05-01T12:25:15Z">
    <groups>
    </groups>
    <test name="Default test" duration-ms="77301" started-at="2020-05-01T12:23:58Z" finished-at="2020-05-01T12:25:15Z">
      <class name="test.cmslandtestandlinkverify">
        <test-method status="PASS" signature="startReport()[pri:0, instance:test.cmslandtestandlinkverify@3ffc5af1]" name="startReport" is-config="true" duration-ms="2110" started-at="2020-05-01T17:53:58Z" finished-at="2020-05-01T17:54:00Z">
          <reporter-output>
          </reporter-output>
        </test-method> <!-- startReport -->
        <test-method status="PASS" signature="Launch()[pri:0, instance:test.cmslandtestandlinkverify@3ffc5af1]" name="Launch" is-config="true" duration-ms="67688" started-at="2020-05-01T17:54:00Z" finished-at="2020-05-01T17:55:08Z">
          <reporter-output>
          </reporter-output>
        </test-method> <!-- Launch -->
        <test-method status="PASS" signature="verifylandingpage()[pri:0, instance:test.cmslandtestandlinkverify@3ffc5af1]" name="verifylandingpage" duration-ms="2114" started-at="2020-05-01T17:55:08Z" finished-at="2020-05-01T17:55:10Z">
          <reporter-output>
          </reporter-output>
        </test-method> <!-- verifylandingpage -->
        <test-method status="PASS" signature="close()[pri:0, instance:test.cmslandtestandlinkverify@3ffc5af1]" name="close" is-config="true" duration-ms="5241" started-at="2020-05-01T17:55:10Z" finished-at="2020-05-01T17:55:15Z">
          <reporter-output>
          </reporter-output>
        </test-method> <!-- close -->
      </class> <!-- test.cmslandtestandlinkverify -->
    </test> <!-- Default test -->
  </suite> <!-- Default suite -->
</testng-results>
